Script started on Monday 06 March 2017 10:57:27 PM IST
rachit@rachit-HP-Pavilion-15-Notebook-PC:~/Documents/Sem6/Networks/Lab6-CS14B050$ exit./ReceiverGBN -p 12345 -n 400 -e 0.00001 [C-d
Seq #: 0	Time Recieved: 3047:257	Packet dropped: false
Seq #: 1	Time Recieved: 3058:16	Packet dropped: false
Seq #: 2	Time Recieved: 3069:387	Packet dropped: false
Seq #: 3	Time Recieved: 3080:37	Packet dropped: false
Seq #: 4	Time Recieved: 3091:21	Packet dropped: false
Seq #: 5	Time Recieved: 3102:27	Packet dropped: false
Seq #: 6	Time Recieved: 3113:58	Packet dropped: false
Seq #: 7	Time Recieved: 3124:53	Packet dropped: false
Seq #: 8	Time Recieved: 3135:34	Packet dropped: false
Seq #: 9	Time Recieved: 3146:67	Packet dropped: false
Seq #: 10	Time Recieved: 3157:65	Packet dropped: false
Seq #: 11	Time Recieved: 3168:48	Packet dropped: false
Seq #: 12	Time Recieved: 3179:70	Packet dropped: false
Seq #: 13	Time Recieved: 3190:70	Packet dropped: false
Seq #: 14	Time Recieved: 3201:258	Packet dropped: false
Seq #: 15	Time Recieved: 3212:95	Packet dropped: false
Seq #: 16	Time Recieved: 3223:118	Packet dropped: false
Seq #: 17	Time Recieved: 3234:313	Packet dropped: false
Seq #: 18	Time Recieved: 3245:125	Packet dropped: false
Seq #: 19	Time Recieved: 3256:157	Packet dropped: false
Seq #: 20	Time Recieved: 3267:287	Packet dropped: false
Seq #: 21	Time Recieved: 3278:166	Packet dropped: false
Seq #: 22	Time Recieved: 3289:355	Packet dropped: false
Seq #: 23	Time Recieved: 3300:395	Packet dropped: false
Seq #: 24	Time Recieved: 3311:218	Packet dropped: false
Seq #: 25	Time Recieved: 3322:217	Packet dropped: false
Seq #: 26	Time Recieved: 3333:381	Packet dropped: false
Seq #: 27	Time Recieved: 3344:247	Packet dropped: false
Seq #: 28	Time Recieved: 3355:242	Packet dropped: false
Seq #: 29	Time Recieved: 3366:423	Packet dropped: false
Seq #: 30	Time Recieved: 3377:282	Packet dropped: false
Seq #: 31	Time Recieved: 3388:266	Packet dropped: false
Seq #: 32	Time Recieved: 3399:302	Packet dropped: false
Seq #: 33	Time Recieved: 3410:282	Packet dropped: false
Seq #: 34	Time Recieved: 3421:281	Packet dropped: false
Seq #: 35	Time Recieved: 3432:524	Packet dropped: false
Seq #: 36	Time Recieved: 3443:309	Packet dropped: false
Seq #: 37	Time Recieved: 3454:311	Packet dropped: false
Seq #: 38	Time Recieved: 3465:477	Packet dropped: false
Seq #: 39	Time Recieved: 3476:349	Packet dropped: false
Seq #: 40	Time Recieved: 3487:350	Packet dropped: false
Seq #: 41	Time Recieved: 3498:350	Packet dropped: false
Seq #: 42	Time Recieved: 3509:359	Packet dropped: false
Seq #: 43	Time Recieved: 3520:364	Packet dropped: false
Seq #: 44	Time Recieved: 3531:390	Packet dropped: false
Seq #: 45	Time Recieved: 3542:373	Packet dropped: false
Seq #: 46	Time Recieved: 3553:378	Packet dropped: false
Seq #: 47	Time Recieved: 3564:377	Packet dropped: false
Seq #: 48	Time Recieved: 3575:401	Packet dropped: false
Seq #: 49	Time Recieved: 3586:431	Packet dropped: false
Seq #: 50	Time Recieved: 3597:413	Packet dropped: false
Seq #: 51	Time Recieved: 3608:446	Packet dropped: false
Seq #: 52	Time Recieved: 3619:593	Packet dropped: false
Seq #: 53	Time Recieved: 3630:435	Packet dropped: false
Seq #: 54	Time Recieved: 3641:449	Packet dropped: false
Seq #: 55	Time Recieved: 3652:458	Packet dropped: false
Seq #: 56	Time Recieved: 3663:450	Packet dropped: false
Seq #: 57	Time Recieved: 3674:457	Packet dropped: false
Seq #: 58	Time Recieved: 3685:679	Packet dropped: false
Seq #: 59	Time Recieved: 3696:476	Packet dropped: false
Seq #: 60	Time Recieved: 3707:477	Packet dropped: false
Seq #: 61	Time Recieved: 3718:770	Packet dropped: false
Seq #: 62	Time Recieved: 3729:508	Packet dropped: false
Seq #: 63	Time Recieved: 3740:514	Packet dropped: false
Seq #: 64	Time Recieved: 3751:691	Packet dropped: false
Seq #: 65	Time Recieved: 3762:544	Packet dropped: false
Seq #: 66	Time Recieved: 3773:542	Packet dropped: false
Seq #: 67	Time Recieved: 3784:699	Packet dropped: false
Seq #: 68	Time Recieved: 3795:573	Packet dropped: false
Seq #: 69	Time Recieved: 3806:577	Packet dropped: false
Seq #: 70	Time Recieved: 3817:582	Packet dropped: false
Seq #: 71	Time Recieved: 3828:603	Packet dropped: false
Seq #: 72	Time Recieved: 3839:606	Packet dropped: false
Seq #: 73	Time Recieved: 3850:599	Packet dropped: false
Seq #: 74	Time Recieved: 3861:610	Packet dropped: false
Seq #: 75	Time Recieved: 3872:608	Packet dropped: false
Seq #: 76	Time Recieved: 3883:610	Packet dropped: false
Seq #: 77	Time Recieved: 3894:640	Packet dropped: false
Seq #: 78	Time Recieved: 3905:637	Packet dropped: false
Seq #: 79	Time Recieved: 3916:620	Packet dropped: false
Seq #: 80	Time Recieved: 3927:660	Packet dropped: false
Seq #: 81	Time Recieved: 3938:653	Packet dropped: false
Seq #: 82	Time Recieved: 3949:637	Packet dropped: false
Seq #: 83	Time Recieved: 3960:820	Packet dropped: false
Seq #: 84	Time Recieved: 3971:675	Packet dropped: false
Seq #: 85	Time Recieved: 3982:656	Packet dropped: false
Seq #: 86	Time Recieved: 3993:661	Packet dropped: false
Seq #: 87	Time Recieved: 4004:683	Packet dropped: false
Seq #: 88	Time Recieved: 4015:671	Packet dropped: false
Seq #: 89	Time Recieved: 4026:673	Packet dropped: false
Seq #: 90	Time Recieved: 4037:857	Packet dropped: false
Seq #: 91	Time Recieved: 4048:709	Packet dropped: false
Seq #: 92	Time Recieved: 4059:701	Packet dropped: false
Seq #: 93	Time Recieved: 4070:736	Packet dropped: false
Seq #: 94	Time Recieved: 4081:730	Packet dropped: false
Seq #: 95	Time Recieved: 4092:726	Packet dropped: false
Seq #: 96	Time Recieved: 4103:741	Packet dropped: false
Seq #: 97	Time Recieved: 4114:755	Packet dropped: false
Seq #: 98	Time Recieved: 4125:748	Packet dropped: false
Seq #: 99	Time Recieved: 4136:742	Packet dropped: false
Seq #: 100	Time Recieved: 4147:783	Packet dropped: false
Seq #: 101	Time Recieved: 4158:763	Packet dropped: false
Seq #: 102	Time Recieved: 4169:758	Packet dropped: false
Seq #: 103	Time Recieved: 4180:804	Packet dropped: false
Seq #: 104	Time Recieved: 4191:775	Packet dropped: false
Seq #: 105	Time Recieved: 4202:787	Packet dropped: false
Seq #: 106	Time Recieved: 4213:895	Packet dropped: false
Seq #: 107	Time Recieved: 4224:800	Packet dropped: false
Seq #: 108	Time Recieved: 4235:807	Packet dropped: false
Seq #: 109	Time Recieved: 4246:812	Packet dropped: false
Seq #: 110	Time Recieved: 4257:813	Packet dropped: false
Seq #: 111	Time Recieved: 4268:821	Packet dropped: false
Seq #: 112	Time Recieved: 4279:825	Packet dropped: false
Seq #: 113	Time Recieved: 4290:828	Packet dropped: false
Seq #: 114	Time Recieved: 4301:829	Packet dropped: false
Seq #: 115	Time Recieved: 4312:834	Packet dropped: false
Seq #: 116	Time Recieved: 4323:855	Packet dropped: false
Seq #: 117	Time Recieved: 4335:6	Packet dropped: false
Seq #: 118	Time Recieved: 4345:857	Packet dropped: false
Seq #: 119	Time Recieved: 4356:886	Packet dropped: false
Seq #: 120	Time Recieved: 4368:45	Packet dropped: false
Seq #: 121	Time Recieved: 4378:893	Packet dropped: false
Seq #: 122	Time Recieved: 4390:140	Packet dropped: false
Seq #: 123	Time Recieved: 4418:945	Packet dropped: false
Seq #: 124	Time Recieved: 4419:370	Packet dropped: false
Seq #: 125	Time Recieved: 4423:116	Packet dropped: false
Seq #: 126	Time Recieved: 4434:18	Packet dropped: false
Seq #: 127	Time Recieved: 4445:20	Packet dropped: false
Seq #: 0	Time Recieved: 4456:23	Packet dropped: false
Seq #: 1	Time Recieved: 4467:37	Packet dropped: false
Seq #: 2	Time Recieved: 4478:50	Packet dropped: false
Seq #: 3	Time Recieved: 4489:42	Packet dropped: false
Seq #: 4	Time Recieved: 4500:311	Packet dropped: false
Seq #: 5	Time Recieved: 4511:91	Packet dropped: false
Seq #: 6	Time Recieved: 4522:76	Packet dropped: false
Seq #: 7	Time Recieved: 4533:87	Packet dropped: false
Seq #: 8	Time Recieved: 4544:90	Packet dropped: false
Seq #: 9	Time Recieved: 4555:89	Packet dropped: false
Seq #: 10	Time Recieved: 4566:86	Packet dropped: false
Seq #: 11	Time Recieved: 4577:94	Packet dropped: false
Seq #: 12	Time Recieved: 4588:97	Packet dropped: false
Seq #: 13	Time Recieved: 4599:97	Packet dropped: false
Seq #: 14	Time Recieved: 4610:126	Packet dropped: false
Seq #: 15	Time Recieved: 4621:126	Packet dropped: false
Seq #: 16	Time Recieved: 4632:112	Packet dropped: false
Seq #: 17	Time Recieved: 4643:141	Packet dropped: false
Seq #: 18	Time Recieved: 4654:140	Packet dropped: false
Seq #: 19	Time Recieved: 4665:130	Packet dropped: false
Seq #: 20	Time Recieved: 4676:340	Packet dropped: false
Seq #: 21	Time Recieved: 4687:172	Packet dropped: false
Seq #: 22	Time Recieved: 4698:161	Packet dropped: false
Seq #: 23	Time Recieved: 4709:198	Packet dropped: false
Seq #: 24	Time Recieved: 4720:185	Packet dropped: false
Seq #: 25	Time Recieved: 4731:176	Packet dropped: false
Seq #: 26	Time Recieved: 4742:184	Packet dropped: false
Seq #: 27	Time Recieved: 4753:217	Packet dropped: false
Seq #: 28	Time Recieved: 4764:224	Packet dropped: false
Seq #: 29	Time Recieved: 4775:234	Packet dropped: false
Seq #: 30	Time Recieved: 4786:237	Packet dropped: false
Seq #: 31	Time Recieved: 4797:223	Packet dropped: false
Seq #: 32	Time Recieved: 4808:238	Packet dropped: false
Seq #: 33	Time Recieved: 4820:83	Packet dropped: false
Seq #: 34	Time Recieved: 4830:275	Packet dropped: false
Seq #: 35	Time Recieved: 4841:278	Packet dropped: false
Seq #: 36	Time Recieved: 4852:269	Packet dropped: false
Seq #: 37	Time Recieved: 4863:295	Packet dropped: false
Seq #: 38	Time Recieved: 4874:295	Packet dropped: false
Seq #: 39	Time Recieved: 4885:281	Packet dropped: false
Seq #: 40	Time Recieved: 4896:456	Packet dropped: false
Seq #: 41	Time Recieved: 4907:336	Packet dropped: false
Seq #: 42	Time Recieved: 4918:321	Packet dropped: false
Seq #: 43	Time Recieved: 4929:336	Packet dropped: false
Seq #: 44	Time Recieved: 4940:346	Packet dropped: false
Seq #: 45	Time Recieved: 4951:390	Packet dropped: false
Seq #: 46	Time Recieved: 4962:356	Packet dropped: false
Seq #: 47	Time Recieved: 4973:382	Packet dropped: false
Seq #: 48	Time Recieved: 4984:533	Packet dropped: false
Seq #: 49	Time Recieved: 4995:385	Packet dropped: false
Seq #: 50	Time Recieved: 5006:416	Packet dropped: false
Seq #: 51	Time Recieved: 5017:575	Packet dropped: false
Seq #: 52	Time Recieved: 5028:411	Packet dropped: false
Seq #: 53	Time Recieved: 5040:52	Packet dropped: false
Seq #: 54	Time Recieved: 5050:686	Packet dropped: false
Seq #: 55	Time Recieved: 5061:474	Packet dropped: false
Seq #: 56	Time Recieved: 5072:468	Packet dropped: false
Seq #: 57	Time Recieved: 5083:704	Packet dropped: false
Seq #: 58	Time Recieved: 5094:522	Packet dropped: false
Seq #: 59	Time Recieved: 5105:500	Packet dropped: false
Seq #: 60	Time Recieved: 5116:696	Packet dropped: false
Seq #: 61	Time Recieved: 5127:547	Packet dropped: false
Seq #: 62	Time Recieved: 5138:567	Packet dropped: false
Seq #: 63	Time Recieved: 5149:563	Packet dropped: false
Seq #: 64	Time Recieved: 5160:587	Packet dropped: false
Seq #: 65	Time Recieved: 5171:579	Packet dropped: false
Seq #: 66	Time Recieved: 5182:568	Packet dropped: false
Seq #: 67	Time Recieved: 5193:596	Packet dropped: false
Seq #: 68	Time Recieved: 5204:601	Packet dropped: false
Seq #: 69	Time Recieved: 5215:582	Packet dropped: false
Seq #: 70	Time Recieved: 5226:629	Packet dropped: false
Seq #: 71	Time Recieved: 5237:624	Packet dropped: false
^C
rachit@rachit-HP-Pavilion-15-Notebook-PC:~/Documents/Sem6/Networks/Lab6-CS14B050$ exit
exit

Script done on Monday 06 March 2017 10:57:52 PM IST
